android/app/build/intermediates/manifest_merge_blame_file/debug/manifest-merger-blame-debug-report.txt
1<?xml version="1.0" encoding="utf-8"?>
2<manifest xmlns:android="http://schemas.android.com/apk/res/android"
3    package="com.datatrip.map_sample"
4    android:versionCode="1"
5    android:versionName="1.0.0" >
6
7    <uses-sdk
8        android:minSdkVersion="23"
9        android:targetSdkVersion="33" />
10    <!--
11         The INTERNET permission is required for development. Specifically,
12         the Flutter tool needs it to communicate with the running application
13         to allow setting breakpoints, to provide hot reload, etc.
14    -->
15    <uses-permission android:name="android.permission.INTERNET" />
15-->src\main\AndroidManifest.xml:6:5-66
15-->src\main\AndroidManifest.xml:6:22-64
16    <uses-permission android:name="android.permission.ACCESS_FINE_LOCATION" />
16-->src\main\AndroidManifest.xml:4:5-78
16-->src\main\AndroidManifest.xml:4:22-76
17    <uses-permission android:name="android.permission.ACCESS_COARSE_LOCATION" />
17-->src\main\AndroidManifest.xml:5:5-80
17-->src\main\AndroidManifest.xml:5:22-78
18    <!--
19 Required to query activities that can process text, see:
20         https://developer.android.com/training/package-visibility?hl=en and
21         https://developer.android.com/reference/android/content/Intent#ACTION_PROCESS_TEXT.
22
23         In particular, this is used by the Flutter engine in io.flutter.plugin.text.ProcessTextPlugin.
24    -->
25    <queries>
25-->src\main\AndroidManifest.xml:59:5-64:15
26        <intent>
26-->src\main\AndroidManifest.xml:60:9-63:18
27            <action android:name="android.intent.action.PROCESS_TEXT" />
27-->src\main\AndroidManifest.xml:61:13-72
27-->src\main\AndroidManifest.xml:61:21-70
28
29            <data android:mimeType="text/plain" />
29-->src\main\AndroidManifest.xml:62:13-50
29-->src\main\AndroidManifest.xml:62:19-48
30        </intent>
31
32        <package android:name="com.kakao.talk" />
32-->[:kakao_flutter_sdk_common] AndroidManifest.xml:10:9-50
32-->[:kakao_flutter_sdk_common] AndroidManifest.xml:10:18-47
33        <package android:name="com.kakao.talk.alpha" />
33-->[:kakao_flutter_sdk_common] AndroidManifest.xml:11:9-56
33-->[:kakao_flutter_sdk_common] AndroidManifest.xml:11:18-53
34        <package android:name="com.kakao.talk.sandbox" />
34-->[:kakao_flutter_sdk_common] AndroidManifest.xml:12:9-58
34-->[:kakao_flutter_sdk_common] AndroidManifest.xml:12:18-55
35        <package android:name="com.kakao.onetalk" />
35-->[:kakao_flutter_sdk_common] AndroidManifest.xml:13:9-53
35-->[:kakao_flutter_sdk_common] AndroidManifest.xml:13:18-50
36        <package android:name="com.locnall.KimGiSa" />
36-->[:kakao_flutter_sdk_common] AndroidManifest.xml:14:9-55
36-->[:kakao_flutter_sdk_common] AndroidManifest.xml:14:18-52
37        <package android:name="com.lguplus.navi" />
37-->[:kakao_flutter_sdk_common] AndroidManifest.xml:15:9-52
37-->[:kakao_flutter_sdk_common] AndroidManifest.xml:15:18-49
38
39        <intent>
39-->[:kakao_flutter_sdk_common] AndroidManifest.xml:17:9-23:18
40            <action android:name="android.intent.action.VIEW" />
40-->[:kakao_flutter_sdk_common] AndroidManifest.xml:18:13-65
40-->[:kakao_flutter_sdk_common] AndroidManifest.xml:18:21-62
41
42            <category android:name="android.intent.category.BROWSABLE" />
42-->[:kakao_flutter_sdk_common] AndroidManifest.xml:20:13-74
42-->[:kakao_flutter_sdk_common] AndroidManifest.xml:20:23-71
43
44            <data android:scheme="https" />
44-->src\main\AndroidManifest.xml:62:13-50
45        </intent>
46    </queries> <!-- Although the *SdkVersion is captured in gradle build files, this is required for non gradle builds -->
47    <!-- <uses-sdk android:minSdkVersion="14"/> -->
48    <uses-permission android:name="android.permission.ACCESS_NETWORK_STATE" />
48-->[com.google.firebase:firebase-database:20.3.1] AndroidManifest.xml:22:5-79
48-->[com.google.firebase:firebase-database:20.3.1] AndroidManifest.xml:22:22-76
49    <uses-permission android:name="android.permission.WAKE_LOCK" />
49-->[com.google.android.gms:play-services-measurement-api:21.6.1] AndroidManifest.xml:24:5-68
49-->[com.google.android.gms:play-services-measurement-api:21.6.1] AndroidManifest.xml:24:22-65
50    <uses-permission android:name="com.google.android.gms.permission.AD_ID" />
50-->[com.google.android.gms:play-services-measurement-api:21.6.1] AndroidManifest.xml:25:5-79
50-->[com.google.android.gms:play-services-measurement-api:21.6.1] AndroidManifest.xml:25:22-76
51    <uses-permission android:name="android.permission.ACCESS_ADSERVICES_ATTRIBUTION" />
51-->[com.google.android.gms:play-services-measurement-api:21.6.1] AndroidManifest.xml:26:5-88
51-->[com.google.android.gms:play-services-measurement-api:21.6.1] AndroidManifest.xml:26:22-85
52    <uses-permission android:name="android.permission.ACCESS_ADSERVICES_AD_ID" />
52-->[com.google.android.gms:play-services-measurement-api:21.6.1] AndroidManifest.xml:27:5-82
52-->[com.google.android.gms:play-services-measurement-api:21.6.1] AndroidManifest.xml:27:22-79
53
54    <uses-feature
54-->[com.naver.maps:map-sdk:3.17.0] AndroidManifest.xml:7:5-9:35
55        android:glEsVersion="0x00020000"
55-->[com.naver.maps:map-sdk:3.17.0] AndroidManifest.xml:8:9-41
56        android:required="true" />
56-->[com.naver.maps:map-sdk:3.17.0] AndroidManifest.xml:9:9-32
57    <uses-feature
57-->[com.naver.maps:map-sdk:3.17.0] AndroidManifest.xml:10:5-12:36
58        android:name="android.hardware.wifi"
58-->[com.naver.maps:map-sdk:3.17.0] AndroidManifest.xml:11:9-45
59        android:required="false" />
59-->[com.naver.maps:map-sdk:3.17.0] AndroidManifest.xml:12:9-33
60
61    <uses-permission android:name="android.permission.ACCESS_WIFI_STATE" />
61-->[com.naver.maps:map-sdk:3.17.0] AndroidManifest.xml:16:5-76
61-->[com.naver.maps:map-sdk:3.17.0] AndroidManifest.xml:16:22-73
62    <uses-permission android:name="com.google.android.providers.gsf.permission.READ_GSERVICES" />
62-->[com.google.android.recaptcha:recaptcha:18.4.0] AndroidManifest.xml:9:5-98
62-->[com.google.android.recaptcha:recaptcha:18.4.0] AndroidManifest.xml:9:22-95
63    <uses-permission android:name="com.google.android.finsky.permission.BIND_GET_INSTALL_REFERRER_SERVICE" />
63-->[com.google.android.gms:play-services-measurement:21.6.1] AndroidManifest.xml:26:5-110
63-->[com.google.android.gms:play-services-measurement:21.6.1] AndroidManifest.xml:26:22-107
64
65    <permission
65-->[androidx.core:core:1.12.0] AndroidManifest.xml:22:5-24:47
66        android:name="com.datatrip.map_sample.DYNAMIC_RECEIVER_NOT_EXPORTED_PERMISSION"
66-->[androidx.core:core:1.12.0] AndroidManifest.xml:23:9-81
67        android:protectionLevel="signature" />
67-->[androidx.core:core:1.12.0] AndroidManifest.xml:24:9-44
68
69    <uses-permission android:name="com.datatrip.map_sample.DYNAMIC_RECEIVER_NOT_EXPORTED_PERMISSION" />
69-->[androidx.core:core:1.12.0] AndroidManifest.xml:26:5-97
69-->[androidx.core:core:1.12.0] AndroidManifest.xml:26:22-94
70
71    <application
72        android:name="android.app.Application"
73        android:appComponentFactory="androidx.core.app.CoreComponentFactory"
73-->[androidx.core:core:1.12.0] AndroidManifest.xml:28:18-86
74        android:debuggable="true"
75        android:enableOnBackInvokedCallback="true"
76        android:extractNativeLibs="false"
77        android:icon="@mipmap/ic_launcher"
78        android:label="map_sample"
79        android:theme="@style/NormalTheme" >
80        <activity
81            android:name="com.datatrip.map_sample.MainActivity"
82            android:configChanges="orientation|keyboardHidden|keyboard|screenSize|smallestScreenSize|locale|layoutDirection|fontScale|screenLayout|density|uiMode"
83            android:exported="true"
84            android:hardwareAccelerated="true"
85            android:launchMode="singleTop"
86            android:theme="@style/LaunchTheme"
87            android:windowSoftInputMode="adjustResize" >
88
89            <!--
90                 Specifies an Android theme to apply to this Activity as soon as
91                 the Android process has started. This theme is visible to the user
92                 while the Flutter UI initializes. After that, this theme continues
93                 to determine the Window background behind the Flutter UI.
94            -->
95            <meta-data
96                android:name="io.flutter.embedding.android.NormalTheme"
97                android:resource="@style/NormalTheme" />
98
99            <intent-filter>
100                <action android:name="android.intent.action.MAIN" />
101
102                <category android:name="android.intent.category.LAUNCHER" />
103            </intent-filter>
104        </activity>
105        <!--
106             Don't delete the meta-data below.
107             This is used by the Flutter tool to generate GeneratedPluginRegistrant.java
108        -->
109        <meta-data
110            android:name="flutterEmbedding"
111            android:value="2" />
112
113        <!-- 네이버 맵 SDK의 Client ID를 설정 -->
114        <meta-data
115            android:name="com.naver.maps.map.CLIENT_ID"
116            android:value="s017qk3xj5" />
117
118        <!-- Kakao SDK 설정 추가 -->
119        <meta-data
120            android:name="com.kakao.sdk.AppKey"
121            android:value="15680e17c8b4ddbcef701a292ab5e26e" />
122
123        <service
123-->[:firebase_database] AndroidManifest.xml:10:9-14:19
124            android:name="com.google.firebase.components.ComponentDiscoveryService"
124-->[:firebase_database] AndroidManifest.xml:10:18-89
125            android:directBootAware="true"
125-->[com.google.firebase:firebase-common:20.4.3] AndroidManifest.xml:32:13-43
126            android:exported="false" >
126-->[com.google.firebase:firebase-database-ktx:20.3.1] AndroidManifest.xml:11:13-37
127            <meta-data
127-->[:firebase_database] AndroidManifest.xml:11:13-13:85
128                android:name="com.google.firebase.components:io.flutter.plugins.firebase.database.FlutterFirebaseAppRegistrar"
128-->[:firebase_database] AndroidManifest.xml:12:17-127
129                android:value="com.google.firebase.components.ComponentRegistrar" />
129-->[:firebase_database] AndroidManifest.xml:13:17-82
130            <meta-data
130-->[:firebase_auth] AndroidManifest.xml:11:13-13:85
131                android:name="com.google.firebase.components:io.flutter.plugins.firebase.auth.FlutterFirebaseAuthRegistrar"
131-->[:firebase_auth] AndroidManifest.xml:12:17-124
132                android:value="com.google.firebase.components.ComponentRegistrar" />
132-->[:firebase_auth] AndroidManifest.xml:13:17-82
133            <meta-data
133-->[:firebase_core] AndroidManifest.xml:11:13-13:85
134                android:name="com.google.firebase.components:io.flutter.plugins.firebase.core.FlutterFirebaseCoreRegistrar"
134-->[:firebase_core] AndroidManifest.xml:12:17-124
135                android:value="com.google.firebase.components.ComponentRegistrar" />
135-->[:firebase_core] AndroidManifest.xml:13:17-82
136            <meta-data
136-->[com.google.firebase:firebase-database-ktx:20.3.1] AndroidManifest.xml:12:13-14:85
137                android:name="com.google.firebase.components:com.google.firebase.database.ktx.FirebaseDatabaseLegacyRegistrar"
137-->[com.google.firebase:firebase-database-ktx:20.3.1] AndroidManifest.xml:13:17-127
138                android:value="com.google.firebase.components.ComponentRegistrar" />
138-->[com.google.firebase:firebase-database-ktx:20.3.1] AndroidManifest.xml:14:17-82
139            <meta-data
139-->[com.google.firebase:firebase-database:20.3.1] AndroidManifest.xml:29:13-31:85
140                android:name="com.google.firebase.components:com.google.firebase.database.FirebaseDatabaseKtxRegistrar"
140-->[com.google.firebase:firebase-database:20.3.1] AndroidManifest.xml:30:17-120
141                android:value="com.google.firebase.components.ComponentRegistrar" />
141-->[com.google.firebase:firebase-database:20.3.1] AndroidManifest.xml:31:17-82
142            <meta-data
142-->[com.google.firebase:firebase-database:20.3.1] AndroidManifest.xml:32:13-34:85
143                android:name="com.google.firebase.components:com.google.firebase.database.DatabaseRegistrar"
143-->[com.google.firebase:firebase-database:20.3.1] AndroidManifest.xml:33:17-109
144                android:value="com.google.firebase.components.ComponentRegistrar" />
144-->[com.google.firebase:firebase-database:20.3.1] AndroidManifest.xml:34:17-82
145            <meta-data
145-->[com.google.firebase:firebase-auth:22.3.1] AndroidManifest.xml:69:13-71:85
146                android:name="com.google.firebase.components:com.google.firebase.auth.FirebaseAuthRegistrar"
146-->[com.google.firebase:firebase-auth:22.3.1] AndroidManifest.xml:70:17-109
147                android:value="com.google.firebase.components.ComponentRegistrar" />
147-->[com.google.firebase:firebase-auth:22.3.1] AndroidManifest.xml:71:17-82
148            <meta-data
148-->[com.google.android.gms:play-services-measurement-api:21.6.1] AndroidManifest.xml:37:13-39:85
149                android:name="com.google.firebase.components:com.google.firebase.analytics.connector.internal.AnalyticsConnectorRegistrar"
149-->[com.google.android.gms:play-services-measurement-api:21.6.1] AndroidManifest.xml:38:17-139
150                android:value="com.google.firebase.components.ComponentRegistrar" />
150-->[com.google.android.gms:play-services-measurement-api:21.6.1] AndroidManifest.xml:39:17-82
151            <meta-data
151-->[com.google.firebase:firebase-installations:17.2.0] AndroidManifest.xml:15:13-17:85
152                android:name="com.google.firebase.components:com.google.firebase.installations.FirebaseInstallationsKtxRegistrar"
152-->[com.google.firebase:firebase-installations:17.2.0] AndroidManifest.xml:16:17-130
153                android:value="com.google.firebase.components.ComponentRegistrar" />
153-->[com.google.firebase:firebase-installations:17.2.0] AndroidManifest.xml:17:17-82
154            <meta-data
154-->[com.google.firebase:firebase-installations:17.2.0] AndroidManifest.xml:18:13-20:85
155                android:name="com.google.firebase.components:com.google.firebase.installations.FirebaseInstallationsRegistrar"
155-->[com.google.firebase:firebase-installations:17.2.0] AndroidManifest.xml:19:17-127
156                android:value="com.google.firebase.components.ComponentRegistrar" />
156-->[com.google.firebase:firebase-installations:17.2.0] AndroidManifest.xml:20:17-82
157            <meta-data
157-->[com.google.firebase:firebase-common-ktx:20.4.3] AndroidManifest.xml:12:13-14:85
158                android:name="com.google.firebase.components:com.google.firebase.ktx.FirebaseCommonLegacyRegistrar"
158-->[com.google.firebase:firebase-common-ktx:20.4.3] AndroidManifest.xml:13:17-116
159                android:value="com.google.firebase.components.ComponentRegistrar" />
159-->[com.google.firebase:firebase-common-ktx:20.4.3] AndroidManifest.xml:14:17-82
160            <meta-data
160-->[com.google.firebase:firebase-common:20.4.3] AndroidManifest.xml:35:13-37:85
161                android:name="com.google.firebase.components:com.google.firebase.FirebaseCommonKtxRegistrar"
161-->[com.google.firebase:firebase-common:20.4.3] AndroidManifest.xml:36:17-109
162                android:value="com.google.firebase.components.ComponentRegistrar" />
162-->[com.google.firebase:firebase-common:20.4.3] AndroidManifest.xml:37:17-82
163        </service>
164        <service
164-->[:geolocator_android] AndroidManifest.xml:10:9-14:56
165            android:name="com.baseflow.geolocator.GeolocatorLocationService"
165-->[:geolocator_android] AndroidManifest.xml:11:13-77
166            android:enabled="true"
166-->[:geolocator_android] AndroidManifest.xml:12:13-35
167            android:exported="false"
167-->[:geolocator_android] AndroidManifest.xml:13:13-37
168            android:foregroundServiceType="location" />
168-->[:geolocator_android] AndroidManifest.xml:14:13-53
169
170        <activity
170-->[:url_launcher_android] AndroidManifest.xml:10:9-13:74
171            android:name="io.flutter.plugins.urllauncher.WebViewActivity"
171-->[:url_launcher_android] AndroidManifest.xml:11:13-74
172            android:exported="false"
172-->[:url_launcher_android] AndroidManifest.xml:12:13-37
173            android:theme="@android:style/Theme.NoTitleBar.Fullscreen" />
173-->[:url_launcher_android] AndroidManifest.xml:13:13-71
174        <activity
174-->[:kakao_flutter_sdk_common] AndroidManifest.xml:27:9-32:56
175            android:name="com.kakao.sdk.flutter.TalkAuthCodeActivity"
175-->[:kakao_flutter_sdk_common] AndroidManifest.xml:28:13-70
176            android:configChanges="orientation|screenSize|keyboardHidden|uiMode"
176-->[:kakao_flutter_sdk_common] AndroidManifest.xml:29:13-81
177            android:exported="false"
177-->[:kakao_flutter_sdk_common] AndroidManifest.xml:30:13-37
178            android:launchMode="singleTask"
178-->[:kakao_flutter_sdk_common] AndroidManifest.xml:31:13-44
179            android:theme="@style/TransparentCompat" />
179-->[:kakao_flutter_sdk_common] AndroidManifest.xml:32:13-53
180        <activity
180-->[:kakao_flutter_sdk_common] AndroidManifest.xml:33:9-37:56
181            android:name="com.kakao.sdk.flutter.CustomTabsActivity"
181-->[:kakao_flutter_sdk_common] AndroidManifest.xml:34:13-68
182            android:exported="true"
182-->[:kakao_flutter_sdk_common] AndroidManifest.xml:35:13-36
183            android:launchMode="singleTask"
183-->[:kakao_flutter_sdk_common] AndroidManifest.xml:36:13-44
184            android:theme="@style/TransparentCompat" />
184-->[:kakao_flutter_sdk_common] AndroidManifest.xml:37:13-53
185        <activity
185-->[:kakao_flutter_sdk_common] AndroidManifest.xml:38:9-42:56
186            android:name="com.kakao.sdk.flutter.AuthCodeCustomTabsActivity"
186-->[:kakao_flutter_sdk_common] AndroidManifest.xml:39:13-76
187            android:exported="true"
187-->[:kakao_flutter_sdk_common] AndroidManifest.xml:40:13-36
188            android:launchMode="singleTask"
188-->[:kakao_flutter_sdk_common] AndroidManifest.xml:41:13-44
189            android:theme="@style/TransparentCompat" />
189-->[:kakao_flutter_sdk_common] AndroidManifest.xml:42:13-53
190        <activity
190-->[:kakao_flutter_sdk_common] AndroidManifest.xml:43:9-47:56
191            android:name="com.kakao.sdk.flutter.FollowChannelHandlerActivity"
191-->[:kakao_flutter_sdk_common] AndroidManifest.xml:44:13-78
192            android:exported="true"
192-->[:kakao_flutter_sdk_common] AndroidManifest.xml:45:13-36
193            android:launchMode="singleTask"
193-->[:kakao_flutter_sdk_common] AndroidManifest.xml:46:13-44
194            android:theme="@style/TransparentCompat" />
194-->[:kakao_flutter_sdk_common] AndroidManifest.xml:47:13-53
195        <activity
195-->[:kakao_flutter_sdk_common] AndroidManifest.xml:48:9-52:56
196            android:name="com.kakao.sdk.flutter.AppsHandlerActivity"
196-->[:kakao_flutter_sdk_common] AndroidManifest.xml:49:13-69
197            android:exported="true"
197-->[:kakao_flutter_sdk_common] AndroidManifest.xml:50:13-36
198            android:launchMode="singleTask"
198-->[:kakao_flutter_sdk_common] AndroidManifest.xml:51:13-44
199            android:theme="@style/TransparentCompat" />
199-->[:kakao_flutter_sdk_common] AndroidManifest.xml:52:13-53
200        <!--
201           Declares a provider which allows us to store files to share in
202           '.../caches/share_plus' and grant the receiving action access
203        -->
204        <provider
204-->[:share_plus] AndroidManifest.xml:15:9-23:20
205            android:name="dev.fluttercommunity.plus.share.ShareFileProvider"
205-->[:share_plus] AndroidManifest.xml:16:13-77
206            android:authorities="com.datatrip.map_sample.flutter.share_provider"
206-->[:share_plus] AndroidManifest.xml:17:13-74
207            android:exported="false"
207-->[:share_plus] AndroidManifest.xml:18:13-37
208            android:grantUriPermissions="true" >
208-->[:share_plus] AndroidManifest.xml:19:13-47
209            <meta-data
209-->[:share_plus] AndroidManifest.xml:20:13-22:68
210                android:name="android.support.FILE_PROVIDER_PATHS"
210-->[:share_plus] AndroidManifest.xml:21:17-67
211                android:resource="@xml/flutter_share_file_paths" />
211-->[:share_plus] AndroidManifest.xml:22:17-65
212        </provider>
213        <!--
214           This manifest declared broadcast receiver allows us to use an explicit
215           Intent when creating a PendingItent to be informed of the user's choice
216        -->
217        <receiver
217-->[:share_plus] AndroidManifest.xml:28:9-34:20
218            android:name="dev.fluttercommunity.plus.share.SharePlusPendingIntent"
218-->[:share_plus] AndroidManifest.xml:29:13-82
219            android:exported="false" >
219-->[:share_plus] AndroidManifest.xml:30:13-37
220            <intent-filter>
220-->[:share_plus] AndroidManifest.xml:31:13-33:29
221                <action android:name="EXTRA_CHOSEN_COMPONENT" />
221-->[:share_plus] AndroidManifest.xml:32:17-65
221-->[:share_plus] AndroidManifest.xml:32:25-62
222            </intent-filter>
223        </receiver>
224
225        <activity
225-->[com.google.firebase:firebase-auth:22.3.1] AndroidManifest.xml:29:9-46:20
226            android:name="com.google.firebase.auth.internal.GenericIdpActivity"
226-->[com.google.firebase:firebase-auth:22.3.1] AndroidManifest.xml:30:13-80
227            android:excludeFromRecents="true"
227-->[com.google.firebase:firebase-auth:22.3.1] AndroidManifest.xml:31:13-46
228            android:exported="true"
228-->[com.google.firebase:firebase-auth:22.3.1] AndroidManifest.xml:32:13-36
229            android:launchMode="singleTask"
229-->[com.google.firebase:firebase-auth:22.3.1] AndroidManifest.xml:33:13-44
230            android:theme="@android:style/Theme.Translucent.NoTitleBar" >
230-->[com.google.firebase:firebase-auth:22.3.1] AndroidManifest.xml:34:13-72
231            <intent-filter>
231-->[com.google.firebase:firebase-auth:22.3.1] AndroidManifest.xml:35:13-45:29
232                <action android:name="android.intent.action.VIEW" />
232-->[:kakao_flutter_sdk_common] AndroidManifest.xml:18:13-65
232-->[:kakao_flutter_sdk_common] AndroidManifest.xml:18:21-62
233
234                <category android:name="android.intent.category.DEFAULT" />
234-->[com.google.firebase:firebase-auth:22.3.1] AndroidManifest.xml:38:17-76
234-->[com.google.firebase:firebase-auth:22.3.1] AndroidManifest.xml:38:27-73
235                <category android:name="android.intent.category.BROWSABLE" />
235-->[:kakao_flutter_sdk_common] AndroidManifest.xml:20:13-74
235-->[:kakao_flutter_sdk_common] AndroidManifest.xml:20:23-71
236
237                <data
237-->src\main\AndroidManifest.xml:62:13-50
238                    android:host="firebase.auth"
239                    android:path="/"
240                    android:scheme="genericidp" />
241            </intent-filter>
242        </activity>
243        <activity
243-->[com.google.firebase:firebase-auth:22.3.1] AndroidManifest.xml:47:9-64:20
244            android:name="com.google.firebase.auth.internal.RecaptchaActivity"
244-->[com.google.firebase:firebase-auth:22.3.1] AndroidManifest.xml:48:13-79
245            android:excludeFromRecents="true"
245-->[com.google.firebase:firebase-auth:22.3.1] AndroidManifest.xml:49:13-46
246            android:exported="true"
246-->[com.google.firebase:firebase-auth:22.3.1] AndroidManifest.xml:50:13-36
247            android:launchMode="singleTask"
247-->[com.google.firebase:firebase-auth:22.3.1] AndroidManifest.xml:51:13-44
248            android:theme="@android:style/Theme.Translucent.NoTitleBar" >
248-->[com.google.firebase:firebase-auth:22.3.1] AndroidManifest.xml:52:13-72
249            <intent-filter>
249-->[com.google.firebase:firebase-auth:22.3.1] AndroidManifest.xml:53:13-63:29
250                <action android:name="android.intent.action.VIEW" />
250-->[:kakao_flutter_sdk_common] AndroidManifest.xml:18:13-65
250-->[:kakao_flutter_sdk_common] AndroidManifest.xml:18:21-62
251
252                <category android:name="android.intent.category.DEFAULT" />
252-->[com.google.firebase:firebase-auth:22.3.1] AndroidManifest.xml:38:17-76
252-->[com.google.firebase:firebase-auth:22.3.1] AndroidManifest.xml:38:27-73
253                <category android:name="android.intent.category.BROWSABLE" />
253-->[:kakao_flutter_sdk_common] AndroidManifest.xml:20:13-74
253-->[:kakao_flutter_sdk_common] AndroidManifest.xml:20:23-71
254
255                <data
255-->src\main\AndroidManifest.xml:62:13-50
256                    android:host="firebase.auth"
257                    android:path="/"
258                    android:scheme="recaptcha" />
259            </intent-filter>
260        </activity>
261
262        <property
262-->[com.google.android.gms:play-services-measurement-api:21.6.1] AndroidManifest.xml:30:9-32:61
263            android:name="android.adservices.AD_SERVICES_CONFIG"
263-->[com.google.android.gms:play-services-measurement-api:21.6.1] AndroidManifest.xml:31:13-65
264            android:resource="@xml/ga_ad_services_config" />
264-->[com.google.android.gms:play-services-measurement-api:21.6.1] AndroidManifest.xml:32:13-58
265
266        <activity
266-->[com.naver.maps:map-sdk:3.17.0] AndroidManifest.xml:19:9-23:51
267            android:name="com.naver.maps.map.app.LegendActivity"
267-->[com.naver.maps:map-sdk:3.17.0] AndroidManifest.xml:20:13-65
268            android:configChanges="screenSize|smallestScreenSize|screenLayout|orientation"
268-->[com.naver.maps:map-sdk:3.17.0] AndroidManifest.xml:21:13-91
269            android:label="@string/navermap_legend"
269-->[com.naver.maps:map-sdk:3.17.0] AndroidManifest.xml:22:13-52
270            android:theme="@style/navermap_app" />
270-->[com.naver.maps:map-sdk:3.17.0] AndroidManifest.xml:23:13-48
271        <activity
271-->[com.naver.maps:map-sdk:3.17.0] AndroidManifest.xml:24:9-28:51
272            android:name="com.naver.maps.map.app.LegalNoticeActivity"
272-->[com.naver.maps:map-sdk:3.17.0] AndroidManifest.xml:25:13-70
273            android:configChanges="screenSize|smallestScreenSize|screenLayout|orientation"
273-->[com.naver.maps:map-sdk:3.17.0] AndroidManifest.xml:26:13-91
274            android:label="@string/navermap_legal_notice"
274-->[com.naver.maps:map-sdk:3.17.0] AndroidManifest.xml:27:13-58
275            android:theme="@style/navermap_app" />
275-->[com.naver.maps:map-sdk:3.17.0] AndroidManifest.xml:28:13-48
276        <activity
276-->[com.naver.maps:map-sdk:3.17.0] AndroidManifest.xml:29:9-33:51
277            android:name="com.naver.maps.map.app.OpenSourceLicenseActivity"
277-->[com.naver.maps:map-sdk:3.17.0] AndroidManifest.xml:30:13-76
278            android:configChanges="screenSize|smallestScreenSize|screenLayout|orientation"
278-->[com.naver.maps:map-sdk:3.17.0] AndroidManifest.xml:31:13-91
279            android:label="@string/navermap_open_source_license"
279-->[com.naver.maps:map-sdk:3.17.0] AndroidManifest.xml:32:13-65
280            android:theme="@style/navermap_app" />
280-->[com.naver.maps:map-sdk:3.17.0] AndroidManifest.xml:33:13-48
281
282        <provider
282-->[com.google.firebase:firebase-common:20.4.3] AndroidManifest.xml:23:9-28:39
283            android:name="com.google.firebase.provider.FirebaseInitProvider"
283-->[com.google.firebase:firebase-common:20.4.3] AndroidManifest.xml:24:13-77
284            android:authorities="com.datatrip.map_sample.firebaseinitprovider"
284-->[com.google.firebase:firebase-common:20.4.3] AndroidManifest.xml:25:13-72
285            android:directBootAware="true"
285-->[com.google.firebase:firebase-common:20.4.3] AndroidManifest.xml:26:13-43
286            android:exported="false"
286-->[com.google.firebase:firebase-common:20.4.3] AndroidManifest.xml:27:13-37
287            android:initOrder="100" />
287-->[com.google.firebase:firebase-common:20.4.3] AndroidManifest.xml:28:13-36
288
289        <uses-library
289-->[androidx.window:window:1.0.0-beta04] AndroidManifest.xml:25:9-27:40
290            android:name="androidx.window.extensions"
290-->[androidx.window:window:1.0.0-beta04] AndroidManifest.xml:26:13-54
291            android:required="false" />
291-->[androidx.window:window:1.0.0-beta04] AndroidManifest.xml:27:13-37
292        <uses-library
292-->[androidx.window:window:1.0.0-beta04] AndroidManifest.xml:28:9-30:40
293            android:name="androidx.window.sidecar"
293-->[androidx.window:window:1.0.0-beta04] AndroidManifest.xml:29:13-51
294            android:required="false" />
294-->[androidx.window:window:1.0.0-beta04] AndroidManifest.xml:30:13-37
295
296        <receiver
296-->[com.google.android.gms:play-services-measurement:21.6.1] AndroidManifest.xml:29:9-33:20
297            android:name="com.google.android.gms.measurement.AppMeasurementReceiver"
297-->[com.google.android.gms:play-services-measurement:21.6.1] AndroidManifest.xml:30:13-85
298            android:enabled="true"
298-->[com.google.android.gms:play-services-measurement:21.6.1] AndroidManifest.xml:31:13-35
299            android:exported="false" >
299-->[com.google.android.gms:play-services-measurement:21.6.1] AndroidManifest.xml:32:13-37
300        </receiver>
301
302        <service
302-->[com.google.android.gms:play-services-measurement:21.6.1] AndroidManifest.xml:35:9-38:40
303            android:name="com.google.android.gms.measurement.AppMeasurementService"
303-->[com.google.android.gms:play-services-measurement:21.6.1] AndroidManifest.xml:36:13-84
304            android:enabled="true"
304-->[com.google.android.gms:play-services-measurement:21.6.1] AndroidManifest.xml:37:13-35
305            android:exported="false" />
305-->[com.google.android.gms:play-services-measurement:21.6.1] AndroidManifest.xml:38:13-37
306        <service